<?xml version="1.0" encoding="UTF-8"?>
<!-- Generated by org.testng.reporters.JUnitReportReporter -->
<testsuite skipped="0" hostname="DESKTOP-DUFVKRL" name="com.erin.selenium.testCase.SuiteTestBuy" tests="1" failures="0" timestamp="22 一月 2019 06:15:59 GMT" time="2.197" errors="0">
  <testcase name="testBuy" time="2.197" classname="com.erin.selenium.testCase.SuiteTestBuy"/>
</testsuite> <!-- com.erin.selenium.testCase.SuiteTestBuy -->
