<?xml version="1.0" encoding="UTF-8"?>
<!-- Generated by org.testng.reporters.JUnitReportReporter -->
<testsuite skipped="0" hostname="DESKTOP-DUFVKRL" name="com.erin.selenium.testCase.testCourseList" tests="1" failures="0" timestamp="16 一月 2019 07:22:58 GMT" time="150.441" errors="0">
  <testcase name="CourseList" time="150.441" classname="com.erin.selenium.testCase.testCourseList"/>
</testsuite> <!-- com.erin.selenium.testCase.testCourseList -->
