<?xml version="1.0" encoding="UTF-8"?>
<!-- Generated by org.testng.reporters.JUnitReportReporter -->
<testsuite skipped="0" hostname="DESKTOP-DUFVKRL" name="com.erin.selenium.testCase.login" tests="5" failures="0" timestamp="15 一月 2019 08:44:09 GMT" time="20.948" errors="0">
  <testcase name="testLogin" time="9.515" classname="com.erin.selenium.testCase.login"/>
  <testcase name="TestAddCart" time="1.186" classname="com.erin.selenium.testCase.login"/>
  <testcase name="TestGoPay" time="2.877" classname="com.erin.selenium.testCase.login"/>
  <testcase name="TestSureOrder" time="2.088" classname="com.erin.selenium.testCase.login"/>
  <testcase name="getLoginHome" time="5.282" classname="com.erin.selenium.testCase.login"/>
</testsuite> <!-- com.erin.selenium.testCase.login -->
