<?xml version="1.0" encoding="UTF-8"?>
<!-- Generated by org.testng.reporters.JUnitReportReporter -->
<testsuite skipped="0" hostname="DESKTOP-DUFVKRL" name="com.erin.selenium.testCase.tesengTest" tests="2" failures="0" timestamp="15 一月 2019 09:25:57 GMT" time="0.006" errors="0">
  <testcase name="test002" time="0.002" classname="com.erin.selenium.testCase.tesengTest"/>
  <testcase name="test" time="0.004" classname="com.erin.selenium.testCase.tesengTest"/>
</testsuite> <!-- com.erin.selenium.testCase.tesengTest -->
