<?xml version="1.0" encoding="UTF-8"?>
<!-- Generated by org.testng.reporters.JUnitReportReporter -->
<testsuite skipped="0" hostname="DESKTOP-DUFVKRL" name="com.erin.selenium.testCase.SuiteTestBuy" tests="1" failures="0" timestamp="16 一月 2019 08:35:40 GMT" time="2.173" errors="0">
  <testcase name="testBuy" time="2.173" classname="com.erin.selenium.testCase.SuiteTestBuy"/>
</testsuite> <!-- com.erin.selenium.testCase.SuiteTestBuy -->
