<?xml version="1.0" encoding="UTF-8"?>
<!-- Generated by org.testng.reporters.JUnitReportReporter -->
<testsuite skipped="0" hostname="DESKTOP-DUFVKRL" name="com.erin.selenium.testCase.testCourseList" tests="1" failures="0" timestamp="14 一月 2019 03:24:54 GMT" time="82.673" errors="0">
  <testcase name="CourseList" time="82.673" classname="com.erin.selenium.testCase.testCourseList"/>
</testsuite> <!-- com.erin.selenium.testCase.testCourseList -->
