<?xml version="1.0" encoding="UTF-8"?>
<!-- Generated by org.testng.reporters.JUnitReportReporter -->
<testsuite hostname="DESKTOP-DUFVKRL" name="com.erin.selenium.testCase.SuiteTestBuy" tests="1" failures="0" timestamp="17 Jan 2019 05:37:57 GMT" time="2.253" errors="0">
  <testcase name="testBuy" time="2.253" classname="com.erin.selenium.testCase.SuiteTestBuy"/>
</testsuite> <!-- com.erin.selenium.testCase.SuiteTestBuy -->
